<?xml version="1.0" encoding="UTF-8"?>
<!-- Generated by org.testng.reporters.JUnitReportReporter -->
<testsuite hostname="RAGOPI-WS03" name="programs.NewTest" tests="2" failures="0" timestamp="9 Mar 2017 07:39:13 GMT" time="7.051" errors="0">
  <testcase name="login" time="0.000" classname="programs.NewTest"/>
  <testcase name="openBrowser" time="7.051" classname="programs.NewTest"/>
</testsuite> <!-- programs.NewTest -->
